<?xml version="1.0" encoding="UTF-8"?>
<testng-results skipped="0" failed="0" ignored="0" total="1" passed="1">
  <reporter-output>
  </reporter-output>
  <suite name="Default suite" duration-ms="15882" started-at="2020-07-18T20:08:03 EDT" finished-at="2020-07-18T20:08:19 EDT">
    <groups>
    </groups>
    <test name="Default test" duration-ms="15882" started-at="2020-07-18T20:08:03 EDT" finished-at="2020-07-18T20:08:19 EDT">
      <class name="test.LoginTest">
        <test-method status="PASS" signature="validUserShouldBeAbleToLogin()[pri:0, instance:test.LoginTest@639c2c1d]" name="validUserShouldBeAbleToLogin" duration-ms="15835" started-at="2020-07-18T20:08:04 EDT" finished-at="2020-07-18T20:08:19 EDT">
          <reporter-output>
          </reporter-output>
        </test-method> <!-- validUserShouldBeAbleToLogin -->
      </class> <!-- test.LoginTest -->
    </test> <!-- Default test -->
  </suite> <!-- Default suite -->
</testng-results>
